{
  "RSpec": {
    "coverage": {
      "/Users/nickdyer/projects/rockpaperscissors/lib/ai.rb": [
        1,
        null,
        1,
        null,
        1,
        3,
        9,
        null,
        null,
        1,
        2,
        null,
        null,
        null
      ],
      "/Users/nickdyer/projects/rockpaperscissors/lib/game.rb": [
        1,
        null,
        1,
        null,
        1,
        5,
        null,
        null,
        1,
        11,
        10,
        null,
        null,
        1,
        1,
        null,
        null,
        1,
        2,
        2,
        1,
        0,
        null,
        null,
        1,
        null,
        1,
        11,
        null,
        null,
        null
      ],
      "/Users/nickdyer/projects/rockpaperscissors/lib/paper.rb": [
        1,
        null,
        1,
        1,
        null,
        null,
        null
      ],
      "/Users/nickdyer/projects/rockpaperscissors/lib/player.rb": [
        1,
        null,
        1,
        1,
        null,
        1,
        1,
        null,
        null,
        null
      ],
      "/Users/nickdyer/projects/rockpaperscissors/lib/rock.rb": [
        1,
        null,
        1,
        1,
        null,
        null,
        null
      ],
      "/Users/nickdyer/projects/rockpaperscissors/lib/scissors.rb": [
        1,
        null,
        1,
        1,
        null,
        null,
        null
      ]
    },
    "timestamp": 1422952619
  }
}
